74\.125\.(25[0-5]|2[0-4][0-9]|[01]?[0-9][0-9]?)\.(25[0-5]|2[0-4][0-9]|[01]?[0-9][0-9]?)

#http.*\.google\.com\.pe.*\.png
http.*\.w3schools\.com.*(\.ogg|\.mp4|\.flv)

########################################==========A==========########################################
http.*\.avast\.com.*(\.def|\.vpu|\.vpaa|\.stamp|\.vpx)
http.*adobe\.com/.*(\.cab|\.aup|\.exe|\.msi|\.upd|\.msp|\.z)
http.*\.avira-update\.com.*(\.bin|\.vdf|\.gz|\.exe|\.zip|\.rar|\.idx)
http.*\.avg\.com.*(\.exe|\.bin)
http.*\.blogspot\.com.*(\.mp4|\.flv|\.swf|\.jpg|\.gif|\.png)
http.*\.photobucket\.com.*(\.mp4|\.jpg|\.png|\.gif|\.swf|\jpeg)
http.*\.dmcdn\.net.*(\.flv|\.on2|\.h264|\.mp4|\.jpg|\.png|\.gif)
http.*\.dailymotion\.com.*(\.flv|\.on2|\.h264|\.mp4)
http.*\.fbcdn\.net.*(\.mp4|\.jpg|\.png|\.gif|\.swf|\jpeg)
http.*\.google\.com.*(\.kmz|\.exe|\.msi|\.kmz|\.msp|\.cab|\.png|\.crx)
http.{1,4}\w*google(\.\w|\w)*\.doubleclick\.net\/pagead\/ads\?.*
http.*\.instagram\.com.*(\.png|\.gif|\.jpg|\.swf|\.mp4|\.jpeg)
http.*\.imageshack\.us.*(\.jpg|\.png|\.jpeg|\.gif)
http.*imageshack\.us.*(\.jpg|\.png)
http.*\.mozilla\.net.*(\.exe|\.mar)
http.*\.macromedia\.com.*(\.exe|\.msi|\.z)
http.*\.mcafee\.com.*(\.exe|\.xdb|\.msi|\.zip)
#http.*\.mediafire\.com.*(\.exe|\.iso|\.torrent|\.zip|\.rar|\.pdf|\.doc|\.tar|\.mp3|\.mp4|\.avi|\.wmv)
(205\.196\.|199\.91\.)[0-9]{2,3}\.[0-9]{1,3}\/.*(\.exe|\.iso|\.zip|\.rar|\.pdf|\.mp3|\.mp4|\.avi|\.wmv)
http.*(\.myspacecdn\.com|\.footprint\.com).*(\.flv|\.mp4)
http.*\.orkut\.com\.*(\.mp4|\.jpg|\.png|\.gif|\.swf|\jpeg)
http.*\.phncdn\.com.*(\.flv|\.mp4)
http.*\.geewa\.net.*(\.jpg|\.png|\.gif|\.swf)
http.*\.kixeye\.com.*(\.swf|\.mp3|\.png|\.jpg|\.gif)
http.*\.llnwd\.net.*(\.jpg|\.png|\.gif|\.swf|\.mp3)
http.*\.miniclip\.com.*(\.jpg|\.png|\.gif|\.swf|\.mp3)
http.*\.netpocket\.org.*(\.jpg|\.png|\.swf|\.mp3)
http.*\.nordeus\.com.*(\.swf|\.mp3|\.png|\.jpg|\.gif)
http.*\.popcap\.com.*(\.jpg|\.png|\.gif|\.swf)
http.*\.socialpointgames\.com.*(\.jpg|\.png|\.swf|\.mp3)
http.*\.telaxo\.com.*(\.jpg|\.png|\.gif|\.swf)
http.*\.tetrisfb\.com.*(\.swf|\.mp3|\.png|\.jpg|\.gif)
http.*\.triviador\.com.*(\.jpg|\.png|\.gif|\.swf|\.mp3)
http.*\.vostucdn\.com.*(\.jpg|\.png|\.gif|\.swf)
http.*\.wooga\.com.*(\.jpg|\.png|\.gif|\.swf)
http.*\.zgncdn\.com.*(\.swf|\.mp3|\.png|\.jpg|\.zsci|\.f3d|\.arc|\.asc|\.ascp|\.jxr)
http.*\.akamaihd\.net.*(\.jpg|\.png|\.swf|\.mp3|\.zsci|\.f3d|\.arc|\.asc|\.ascp|\.jxr)
http.*\.amazonaws\.com.*(\.jpg|\.png|\.json|\.swf)
http.*\.appspot\.com.*(\.jpg|\.png|\.gif|\.swf)
http.*\.cam4s\.com.*(\.jpg|\.png|\.gif|\.swf|\.mp4)
http.*\.cloudfront\.net.*(\.jpg|\.png|\.gif|\.swf)
http.*\.dungeonbusters\.com.*(\.jpg|\.png|\.gif|\.swf)
http.*\.edgecastcdn\.net.*(\.jpg|\.png|\.gif|\.swf|\.mp3)
http.*\.zynga\.com.*(\.jpg|\.png|\.gif|\.swf|\.mp3|\.zsci|\.f3d|\.arc|\.asc|\.ascp|\.jxr)
http.*\.pornhub\.com.*\.flv
http.*\.pornotube\.com.*(\.flv|\.mp4)
http.*\.porntube\.com.*(\.m4v|\.flv|\.mp4)
http.*\.redtubefiles\.com.*(\.flv|\.mp4)
http.*\.skype\.com.*(\.cab|\.exe|\.zip|\.msi)
http.*\.sun\.com.*(\.exe|\.msi|\.dll)
http.*\.tube8\.com.*(\.flv|\.mp4)
http.*\.viddler\.com.*\.flv
http.*(\.video\.msn\.com|\.video\.latan\.msn\.com).*(\.flv|\.mp4)
http.*\.vimeo.com.*(\.flv|\.on2|\.h264|\.mp4)
http.*\.microsoft\.com.*(\.cab|\.exe|\.iso|\.zip|\.psf|\.msu|\.msi|\.msp|\.dsft)
http.*\.windowsupdate\.com.*(\.cab|\.exe|\.iso|\.zip|\.psf|\.msu|\.msi|\.msp|\.dsft)
http.*\.xtube\.com.*\.flv
http.*(porn|img).*\.xvideos\.com\/videos\/(thumbs\/)?.*(\.jpg|\.flv\?.*|\.mp4\?.*)
http.*\.youtube\.com.*videoplayback
http.*\.youporn\.com.*(\.flv|\.mp4)
http.*\.youjizz\.com.*(\.flv|\.mp4)
http.*\.ytimg\.com.*\.jpg
http.*\.yimg\.com.*(\.jpg|\.swf)
